2024-10-26T21:40:55.126+05:30  INFO 22040 --- [product] [restartedMain] com.product.product.ProductApplication   : Starting ProductApplication using Java 21.0.2 with PID 22040 (E:\All Programs\New project\product\product\target\classes started by Namadev in E:\All Programs\New project\product\product)
2024-10-26T21:40:55.132+05:30  INFO 22040 --- [product] [restartedMain] com.product.product.ProductApplication   : No active profile set, falling back to 1 default profile: "default"
2024-10-26T21:40:55.265+05:30  INFO 22040 --- [product] [restartedMain] .e.DevToolsPropertyDefaultsPostProcessor : Devtools property defaults active! Set 'spring.devtools.add-properties' to 'false' to disable
2024-10-26T21:40:55.267+05:30  INFO 22040 --- [product] [restartedMain] .e.DevToolsPropertyDefaultsPostProcessor : For additional web related logging consider setting the 'logging.level.web' property to 'DEBUG'
2024-10-26T21:40:56.647+05:30  INFO 22040 --- [product] [restartedMain] .s.d.r.c.RepositoryConfigurationDelegate : Bootstrapping Spring Data JPA repositories in DEFAULT mode.
2024-10-26T21:40:56.689+05:30  INFO 22040 --- [product] [restartedMain] .s.d.r.c.RepositoryConfigurationDelegate : Finished Spring Data repository scanning in 26 ms. Found 0 JPA repository interfaces.
2024-10-26T21:40:57.850+05:30  INFO 22040 --- [product] [restartedMain] o.s.b.w.embedded.tomcat.TomcatWebServer  : Tomcat initialized with port 8080 (http)
2024-10-26T21:40:57.881+05:30  INFO 22040 --- [product] [restartedMain] o.apache.catalina.core.StandardService   : Starting service [Tomcat]
2024-10-26T21:40:57.883+05:30  INFO 22040 --- [product] [restartedMain] o.apache.catalina.core.StandardEngine    : Starting Servlet engine: [Apache Tomcat/10.1.31]
2024-10-26T21:40:57.963+05:30  INFO 22040 --- [product] [restartedMain] o.a.c.c.C.[Tomcat].[localhost].[/]       : Initializing Spring embedded WebApplicationContext
2024-10-26T21:40:57.964+05:30  INFO 22040 --- [product] [restartedMain] w.s.c.ServletWebServerApplicationContext : Root WebApplicationContext: initialization completed in 2693 ms
2024-10-26T21:40:58.304+05:30  INFO 22040 --- [product] [restartedMain] o.hibernate.jpa.internal.util.LogHelper  : HHH000204: Processing PersistenceUnitInfo [name: default]
2024-10-26T21:40:58.443+05:30  INFO 22040 --- [product] [restartedMain] org.hibernate.Version                    : HHH000412: Hibernate ORM core version 6.5.3.Final
2024-10-26T21:40:58.503+05:30  INFO 22040 --- [product] [restartedMain] o.h.c.internal.RegionFactoryInitiator    : HHH000026: Second-level cache disabled
2024-10-26T21:40:59.162+05:30  INFO 22040 --- [product] [restartedMain] o.s.o.j.p.SpringPersistenceUnitInfo      : No LoadTimeWeaver setup: ignoring JPA class transformer
2024-10-26T21:40:59.220+05:30  INFO 22040 --- [product] [restartedMain] com.zaxxer.hikari.HikariDataSource       : HikariPool-1 - Starting...
2024-10-26T21:41:00.031+05:30  INFO 22040 --- [product] [restartedMain] com.zaxxer.hikari.pool.HikariPool        : HikariPool-1 - Added connection com.mysql.cj.jdbc.ConnectionImpl@71d3f019
2024-10-26T21:41:00.034+05:30  INFO 22040 --- [product] [restartedMain] com.zaxxer.hikari.HikariDataSource       : HikariPool-1 - Start completed.
2024-10-26T21:41:00.160+05:30  WARN 22040 --- [product] [restartedMain] org.hibernate.orm.deprecation            : HHH90000025: MySQLDialect does not need to be specified explicitly using 'hibernate.dialect' (remove the property setting and it will be selected by default)
2024-10-26T21:41:00.680+05:30  INFO 22040 --- [product] [restartedMain] o.h.e.t.j.p.i.JtaPlatformInitiator       : HHH000489: No JTA platform available (set 'hibernate.transaction.jta.platform' to enable JTA platform integration)
2024-10-26T21:41:00.686+05:30  INFO 22040 --- [product] [restartedMain] j.LocalContainerEntityManagerFactoryBean : Initialized JPA EntityManagerFactory for persistence unit 'default'
2024-10-26T21:41:00.776+05:30  WARN 22040 --- [product] [restartedMain] JpaBaseConfiguration$JpaWebConfiguration : spring.jpa.open-in-view is enabled by default. Therefore, database queries may be performed during view rendering. Explicitly configure spring.jpa.open-in-view to disable this warning
2024-10-26T21:41:01.395+05:30  WARN 22040 --- [product] [restartedMain] .s.s.UserDetailsServiceAutoConfiguration : 

Using generated security password: 93469c16-365a-46de-be42-c95a031df330

This generated password is for development use only. Your security configuration must be updated before running your application in production.

2024-10-26T21:41:01.427+05:30  INFO 22040 --- [product] [restartedMain] r$InitializeUserDetailsManagerConfigurer : Global AuthenticationManager configured with UserDetailsService bean with name inMemoryUserDetailsManager
2024-10-26T21:41:01.706+05:30  INFO 22040 --- [product] [restartedMain] o.s.b.d.a.OptionalLiveReloadServer       : LiveReload server is running on port 35729
2024-10-26T21:41:01.749+05:30  INFO 22040 --- [product] [restartedMain] o.s.b.w.embedded.tomcat.TomcatWebServer  : Tomcat started on port 8080 (http) with context path '/'
2024-10-26T21:41:01.764+05:30  INFO 22040 --- [product] [restartedMain] com.product.product.ProductApplication   : Started ProductApplication in 7.524 seconds (process running for 8.59)
2024-10-26T21:42:44.089+05:30  INFO 22040 --- [product] [SpringApplicationShutdownHook] j.LocalContainerEntityManagerFactoryBean : Closing JPA EntityManagerFactory for persistence unit 'default'
2024-10-26T21:42:44.097+05:30  INFO 22040 --- [product] [SpringApplicationShutdownHook] com.zaxxer.hikari.HikariDataSource       : HikariPool-1 - Shutdown initiated...
2024-10-26T21:42:44.113+05:30  INFO 22040 --- [product] [SpringApplicationShutdownHook] com.zaxxer.hikari.HikariDataSource       : HikariPool-1 - Shutdown completed.
